<?xml version="1.0" encoding="UTF-8"?>
<testsuite xmlns:xsi="http://www.w3.org/2001/XMLSchema-instance" xsi:noNamespaceSchemaLocation="https://maven.apache.org/surefire/maven-surefire-plugin/xsd/surefire-test-report-3.0.xsd" version="3.0" name="com.manudev.coinService.service.impl.CoinServiceImplTest" time="1.901" tests="6" errors="0" skipped="0" failures="1">
  <properties>
[...]
</properties>
  <testcase name="searchCoin_shouldReturnApiResponse" classname="com.manudev.coinService.service.impl.CoinServiceImplTest" time="1.8"/>
  <testcase name="findById_shouldReturnCoinDTO_withWrongSymbol_expectFail" classname="com.manudev.coinService.service.impl.CoinServiceImplTest" time="0.015">
    <failure message="El símbolo esperado es ETH, pero el mock devuelve BTC ==&gt; expected: &lt;ETH&gt; but was: &lt;BTC&gt;" type="org.opentest4j.AssertionFailedError"><![CDATA[org.opentest4j.AssertionFailedError: El símbolo esperado es ETH, pero el mock devuelve BTC ==> expected: <ETH> but was: <BTC>
	at org.junit.jupiter.api.AssertionFailureBuilder.build(AssertionFailureBuilder.java:151)
	at org.junit.jupiter.api.AssertionFailureBuilder.buildAndThrow(AssertionFailureBuilder.java:132)
	at org.junit.jupiter.api.AssertEquals.failNotEqual(AssertEquals.java:197)
	at org.junit.jupiter.api.AssertEquals.assertEquals(AssertEquals.java:182)
	at org.junit.jupiter.api.Assertions.assertEquals(Assertions.java:1156)
	at com.manudev.coinService.service.impl.CoinServiceImplTest.findById_shouldReturnCoinDTO_withWrongSymbol_expectFail(CoinServiceImplTest.java:133)
	at java.base/java.lang.reflect.Method.invoke(Method.java:568)
	at java.base/java.util.ArrayList.forEach(ArrayList.java:1511)
	at java.base/java.util.ArrayList.forEach(ArrayList.java:1511)
]]></failure>
  </testcase>
  <testcase name="getMarketChart_shouldReturnJsonString" classname="com.manudev.coinService.service.impl.CoinServiceImplTest" time="0.01"/>
  <testcase name="findById_shouldThrowException_whenCoinNotFound" classname="com.manudev.coinService.service.impl.CoinServiceImplTest" time="0.009"/>
  <testcase name="findById_shouldReturnCoinDTO_whenCoinExists" classname="com.manudev.coinService.service.impl.CoinServiceImplTest" time="0.007"/>
  <testcase name="getCoinList_shouldReturnListOfCoinDTOs" classname="com.manudev.coinService.service.impl.CoinServiceImplTest" time="0.027"/>
</testsuite>